<?xml version="1.0" encoding="UTF-8"?>
<!-- Generated by org.testng.reporters.JUnitXMLReporter -->
<testsuite ignored="2" hostname="Shashank" failures="0" tests="2" name="Group Functionality" time="0.073" errors="0" timestamp="2024-06-02T00:22:01 IST">
  <testcase classname="testNGexecutionorder.TestCaseGrouping" name="testSecond" time="0.008"/>
  <testcase classname="testNGexecutionorder.TestCaseGrouping" name="testone" time="0.002"/>
  <testcase classname="testNGexecutionorder.TestCaseGrouping" name="testFourth" time="0.0">
    <ignored/>
  </testcase> <!-- testFourth -->
  <testcase classname="testNGexecutionorder.TestCaseGrouping" name="testThird" time="0.0">
    <ignored/>
  </testcase> <!-- testThird -->
</testsuite> <!-- Group Functionality -->
