<?xml version="1.0" encoding="UTF-8"?>
<!-- Generated by org.testng.reporters.JUnitXMLReporter -->
<testsuite ignored="0" hostname="Shashank" failures="0" tests="2" name="Test Parameters via xml file" time="0.013" errors="0" timestamp="2024-06-03T22:24:48 IST">
  <testcase classname="testNGexecutionorder.TestParameter" name="TestcaseOne" time="0.002"/>
  <testcase classname="testNGexecutionorder.TestParameter" name="TestcaseSecond" time="0.001"/>
</testsuite> <!-- Test Parameters via xml file -->
