<?xml version="1.0" encoding="UTF-8"?>
<!-- Generated by org.testng.reporters.JUnitXMLReporter -->
<testsuite ignored="1" hostname="Shashank" failures="0" tests="3" name="grouping" time="0.033" errors="0" timestamp="2024-10-02T20:17:45 IST">
  <testcase classname="testNGexecutionorder.TestCaseGrouping" name="testFourth" time="0.002"/>
  <testcase classname="testNGexecutionorder.TestCaseGrouping" name="testSecond" time="0.002"/>
  <testcase classname="testNGexecutionorder.TestCaseGrouping" name="testone" time="0.002"/>
  <testcase classname="testNGexecutionorder.TestCaseGrouping" name="testThird" time="0.0">
    <ignored/>
  </testcase> <!-- testThird -->
</testsuite> <!-- grouping -->
