<?xml version="1.0" encoding="UTF-8"?>
<!-- Generated by org.testng.reporters.JUnitXMLReporter -->
<testsuite ignored="0" hostname="Shashank" failures="0" tests="5" name="sample test case for package" time="0.033" errors="0" timestamp="2024-10-02T20:17:45 IST">
  <testcase classname="training.testNG.sampleAgain" name="sample" time="0.003"/>
  <testcase classname="training.testNG.sampleOne" name="sampleOnePracticeSecond" time="0.003"/>
  <testcase classname="training.testNG.sampleOne" name="sampleOnePracticefirst" time="0.002"/>
  <testcase classname="training.testNG.sampleTwo" name="sampleTwoPracticeSecond" time="0.002"/>
  <testcase classname="training.testNG.sampleTwo" name="sampleTwoPracticefirst" time="0.002"/>
</testsuite> <!-- sample test case for package -->
