<?xml version="1.0" encoding="UTF-8"?>
<!-- Generated by org.testng.reporters.JUnitXMLReporter -->
<testsuite ignored="0" hostname="Shashank" failures="1" tests="3" name="test" time="0.026" errors="0" timestamp="2024-10-02T20:17:46 IST">
  <testcase classname="TestNGListeners.ITmainListeners" name="test" time="0.003"/>
  <testcase classname="TestNGListeners.ITmainListeners" name="test2" time="0.01">
    <failure type="java.lang.AssertionError" message="expected [true] but found [false]">
      <![CDATA[java.lang.AssertionError: expected [true] but found [false]
at TestNGListeners.ITmainListeners.test2(ITmainListeners.java:21)
at java.base/java.util.ArrayList.forEach(ArrayList.java:1511)
... Removed 29 stack frames]]>
    </failure>
  </testcase> <!-- test2 -->
  <testcase classname="TestNGListeners.ITmainListeners" name="test3" time="0.002">
    <skipped/>
  </testcase> <!-- test3 -->
</testsuite> <!-- test -->
